<?xml version="1.0" encoding="UTF-8"?>
<!-- Generated by org.testng.reporters.JUnitXMLReporter -->
<testsuite hostname="Naumans-PC" ignored="0" name="Regression Test" tests="11" failures="0" timestamp="2022-12-13T21:44:52 GMT" time="69.376" errors="0">
  <testcase name="verifyUserShouldNavigateToComponentsPageSuccessfully" time="0.864" classname="com.tutorialsninja.testsuite.TopMenuTest"/>
  <testcase name="verifyUserShouldNavigateToDesktopsPageSuccessfully" time="1.177" classname="com.tutorialsninja.testsuite.TopMenuTest"/>
  <testcase name="verifyUserShouldNavigateToLaptopsAndNotebooksPageSuccessfully" time="0.984" classname="com.tutorialsninja.testsuite.TopMenuTest"/>
  <testcase name="verifyThatUserRegisterAccountSuccessfully" time="2.528" classname="com.tutorialsninja.testsuite.MyAccountTest"/>
  <testcase name="verifyThatUserShouldLoginAndLogoutSuccessfully" time="2.637" classname="com.tutorialsninja.testsuite.MyAccountTest"/>
  <testcase name="verifyUserShouldNavigateToLoginPageSuccessfully" time="0.331" classname="com.tutorialsninja.testsuite.MyAccountTest"/>
  <testcase name="verifyUserShouldNavigateToRegisterPageSuccessfully" time="0.465" classname="com.tutorialsninja.testsuite.MyAccountTest"/>
  <testcase name="verifyProductAreAddedToShoppingCartSuccessFully" time="8.147" classname="com.tutorialsninja.testsuite.DesktopsTest"/>
  <testcase name="verifyProductsAreArrangedInAlphabeticalOrder" time="1.403" classname="com.tutorialsninja.testsuite.DesktopsTest"/>
  <testcase name="verifyProductsPriceDisplayHighToLowSuccessfully" time="0.995" classname="com.tutorialsninja.testsuite.LaptopsAndNotebooksTest"/>
  <testcase name="verifyThatUserPlaceOrderSuccessfully" time="9.693" classname="com.tutorialsninja.testsuite.LaptopsAndNotebooksTest"/>
</testsuite> <!-- Regression Test -->
