<?xml version="1.0" encoding="UTF-8"?>
<testsuite name="Regression Test"
           tests="3"
           failures="0"
           errors="0"
           skipped="0"
           time="3.025">
  <properties />
  
  
            <testcase name="verifyUserShouldNavigateToLaptopsAndNotebooksPageSuccessfully" time="0.984" classname="com.tutorialsninja.testsuite.TopMenuTest" />
                <testcase name="verifyUserShouldNavigateToComponentsPageSuccessfully" time="0.864" classname="com.tutorialsninja.testsuite.TopMenuTest" />
                <testcase name="verifyUserShouldNavigateToDesktopsPageSuccessfully" time="1.177" classname="com.tutorialsninja.testsuite.TopMenuTest" />
      
</testsuite>
