<?xml version="1.0" encoding="UTF-8"?>
<!-- Generated by org.testng.reporters.JUnitXMLReporter -->
<testsuite hostname="Naumans-PC" ignored="7" name="Smoke Test" tests="4" failures="0" timestamp="2022-12-13T14:39:19 GMT" time="34.242" errors="0">
  <testcase name="verifyUserShouldNavigateToLaptopsAndNotebooksPageSuccessfully" time="0.993" classname="com.tutorialsninja.testsuite.TopMenuTest"/>
  <testcase name="verifyUserShouldNavigateToLoginPageSuccessfully" time="0.336" classname="com.tutorialsninja.testsuite.MyAccountTest"/>
  <testcase name="verifyProductAreAddedToShoppingCartSuccessFully" time="8.471" classname="com.tutorialsninja.testsuite.DesktopsTest"/>
  <testcase name="verifyThatUserPlaceOrderSuccessfully" time="9.858" classname="com.tutorialsninja.testsuite.LaptopsAndNotebooksTest"/>
  <testcase name="verifyProductsAreArrangedInAlphabeticalOrder" time="0.0" classname="com.tutorialsninja.testsuite.DesktopsTest">
    <ignored/>
  </testcase> <!-- verifyProductsAreArrangedInAlphabeticalOrder -->
  <testcase name="verifyUserShouldNavigateToDesktopsPageSuccessfully" time="0.0" classname="com.tutorialsninja.testsuite.TopMenuTest">
    <ignored/>
  </testcase> <!-- verifyUserShouldNavigateToDesktopsPageSuccessfully -->
  <testcase name="verifyThatUserShouldLoginAndLogoutSuccessfully" time="0.0" classname="com.tutorialsninja.testsuite.MyAccountTest">
    <ignored/>
  </testcase> <!-- verifyThatUserShouldLoginAndLogoutSuccessfully -->
  <testcase name="verifyThatUserRegisterAccountSuccessfully" time="0.0" classname="com.tutorialsninja.testsuite.MyAccountTest">
    <ignored/>
  </testcase> <!-- verifyThatUserRegisterAccountSuccessfully -->
  <testcase name="verifyUserShouldNavigateToComponentsPageSuccessfully" time="0.0" classname="com.tutorialsninja.testsuite.TopMenuTest">
    <ignored/>
  </testcase> <!-- verifyUserShouldNavigateToComponentsPageSuccessfully -->
  <testcase name="verifyProductsPriceDisplayHighToLowSuccessfully" time="0.0" classname="com.tutorialsninja.testsuite.LaptopsAndNotebooksTest">
    <ignored/>
  </testcase> <!-- verifyProductsPriceDisplayHighToLowSuccessfully -->
  <testcase name="verifyUserShouldNavigateToRegisterPageSuccessfully" time="0.0" classname="com.tutorialsninja.testsuite.MyAccountTest">
    <ignored/>
  </testcase> <!-- verifyUserShouldNavigateToRegisterPageSuccessfully -->
</testsuite> <!-- Smoke Test -->
